<?xml version="1.0" encoding="UTF-8"?>
<testsuite xmlns:xsi="http://www.w3.org/2001/XMLSchema-instance" xsi:noNamespaceSchemaLocation="https://maven.apache.org/surefire/maven-surefire-plugin/xsd/surefire-test-report.xsd" name="org.example.ArticleCheckTest" time="0.671" tests="22" errors="0" skipped="0" failures="0">
  <properties>
[...]
</properties>
  <testcase name="testWrongIndefiniteArticle1" classname="org.example.ArticleCheckTest" time="0.098"/>
  <testcase name="testWrongIndefiniteArticle2" classname="org.example.ArticleCheckTest" time="0.001"/>
  <testcase name="testCommonNounContraction1" classname="org.example.ArticleCheckTest" time="0.002"/>
  <testcase name="testProperNounSuggestion1" classname="org.example.ArticleCheckTest" time="0.002"/>
  <testcase name="testProperNounSuggestion2" classname="org.example.ArticleCheckTest" time="0.004"/>
  <testcase name="testAllUpperCase1" classname="org.example.ArticleCheckTest" time="0.002"/>
  <testcase name="testAllUpperCase2" classname="org.example.ArticleCheckTest" time="0.004"/>
  <testcase name="testAdjectiveVBGConstruction1" classname="org.example.ArticleCheckTest" time="0.001"/>
  <testcase name="testCommonNounSuggestion1" classname="org.example.ArticleCheckTest" time="0.001"/>
  <testcase name="testSuperlativeAdjective1" classname="org.example.ArticleCheckTest" time="0.003"/>
  <testcase name="testLongSentence1" classname="org.example.ArticleCheckTest" time="0.007"/>
  <testcase name="testQuotationMark1" classname="org.example.ArticleCheckTest" time="0.003"/>
  <testcase name="testSuperlativeWithAdverb1" classname="org.example.ArticleCheckTest" time="0.002"/>
  <testcase name="testWhQuestion1" classname="org.example.ArticleCheckTest" time="0.001"/>
  <testcase name="testUncountableNoun1" classname="org.example.ArticleCheckTest" time="0.001"/>
  <testcase name="testUncountableNoun2" classname="org.example.ArticleCheckTest" time="0"/>
  <testcase name="testSuperlative1" classname="org.example.ArticleCheckTest" time="0.001"/>
  <testcase name="testExcessiveArticle1" classname="org.example.ArticleCheckTest" time="0.002"/>
  <testcase name="testCommonNounAdjectiveSuggestion1" classname="org.example.ArticleCheckTest" time="0.003"/>
  <testcase name="testCompoundNoun1" classname="org.example.ArticleCheckTest" time="0.001"/>
  <testcase name="testCompoundNoun2" classname="org.example.ArticleCheckTest" time="0.001"/>
  <testcase name="testCardinalNumber1" classname="org.example.ArticleCheckTest" time="0.002"/>
</testsuite>